Fri Jul 24 18:41:03 IST 2020:INFO:Adding [C:\Program Files\SmartBear\SoapUI-5.6.0\bin\ext\commons-codec-1.10.jar] to extensions classpath
Fri Jul 24 18:41:03 IST 2020:INFO:Adding [C:\Program Files\SmartBear\SoapUI-5.6.0\bin\ext\commons-collections4-4.2.jar] to extensions classpath
Fri Jul 24 18:41:03 IST 2020:INFO:Adding [C:\Program Files\SmartBear\SoapUI-5.6.0\bin\ext\commons-compress-1.18.jar] to extensions classpath
Fri Jul 24 18:41:03 IST 2020:INFO:Adding [C:\Program Files\SmartBear\SoapUI-5.6.0\bin\ext\curvesapi-1.04.jar] to extensions classpath
Fri Jul 24 18:41:03 IST 2020:INFO:Adding [C:\Program Files\SmartBear\SoapUI-5.6.0\bin\ext\jxl-2.6.12.jar] to extensions classpath
Fri Jul 24 18:41:03 IST 2020:INFO:Adding [C:\Program Files\SmartBear\SoapUI-5.6.0\bin\ext\mysql-connector-java-5.1.49.jar] to extensions classpath
Fri Jul 24 18:41:03 IST 2020:INFO:Adding [C:\Program Files\SmartBear\SoapUI-5.6.0\bin\ext\poi-4.0.0.jar] to extensions classpath
Fri Jul 24 18:41:03 IST 2020:INFO:Adding [C:\Program Files\SmartBear\SoapUI-5.6.0\bin\ext\poi-ooxml-4.0.0.jar] to extensions classpath
Fri Jul 24 18:41:03 IST 2020:INFO:Adding [C:\Program Files\SmartBear\SoapUI-5.6.0\bin\ext\poi-ooxml-schemas-4.0.0.jar] to extensions classpath
Fri Jul 24 18:41:03 IST 2020:INFO:Adding [C:\Program Files\SmartBear\SoapUI-5.6.0\bin\ext\xmlbeans-3.0.1.jar] to extensions classpath
Fri Jul 24 18:41:03 IST 2020:INFO:initialized soapui-settings from [C:\Users\RahilAkram\soapui-settings.xml]
Fri Jul 24 18:41:07 IST 2020:INFO:Adding plugin from [C:\Users\RahilAkram\.soapuios\plugins\ready-uxm-plugin-os-1.0.3.jar]
Fri Jul 24 18:41:07 IST 2020:INFO:Adding plugin from [C:\Users\RahilAkram\.soapuios\plugins\readyapi-postman-1.0.1.jar]
Added AutoFactory for [PluginPrefs]
Fri Jul 24 18:41:08 IST 2020:INFO:Adding plugin from [C:\Users\RahilAkram\.soapuios\plugins\ready-mqtt-plugin-dist.jar]
Fri Jul 24 18:41:08 IST 2020:INFO:Adding plugin from [C:\Users\RahilAkram\.soapuios\plugins\soapui-swagger-plugin-2.2-dist.jar]
Added AutoFactory for [PluginTestStep]
Added AutoFactory for [PluginTestStep]
Added AutoFactory for [PluginTestStep]
Added AutoFactory for [PluginPanelBuilder]
Added AutoFactory for [PluginPanelBuilder]
Added AutoFactory for [PluginPanelBuilder]
Added AutoFactory for [PluginImportMethod]
Fri Jul 24 18:41:10 IST 2020:INFO:Adding plugin from [C:\Users\RahilAkram\.soapuios\plugins\readyapi-swaggerhub-plugin-1.0.jar]
Added AutoFactory for [PluginImportMethod]
Fri Jul 24 18:41:10 IST 2020:INFO:5 plugins loaded in 3675 ms
Fri Jul 24 18:41:10 IST 2020:INFO:All plugins loaded
Fri Jul 24 18:41:11 IST 2020:INFO:Loading workspace from [C:\Users\RahilAkram\default-soapui-workspace.xml]
Fri Jul 24 18:41:12 IST 2020:INFO:Loaded project from [file:/C:/Users/RahilAkram/Desktop/CR%20FEB/xmls/December%20Projects/april%202019/Web_Method_XMLSD_soapui_project_ST_.xml]
Fri Jul 24 18:41:12 IST 2020:INFO:Loaded project from [file:/C:/Users/RahilAkram/Desktop/CR%20FEB/xmls/December%20Projects/april%202019/Web-Method-XMLSD-soapui-project.xml]
Fri Jul 24 18:41:12 IST 2020:INFO:Loaded project from [file:/C:/Users/RahilAkram/Desktop/CR%20FEB/xmls/December%20Projects/april%202019/XMLEC_Dev_soapui_project.xml]
Fri Jul 24 18:41:13 IST 2020:INFO:Loaded project from [file:/C:/Users/RahilAkram/Desktop/CR%20FEB/xmls/December%20Projects/WM%20Upgrade%20Dev%20Testing%20XMLGW/WebMethods-Upgrade-XMLGW-XMLSA-DEV-soapui-project.xml]
Fri Jul 24 18:41:13 IST 2020:WARN:In project 'Maintenance EM DTD Sync' we have detected Load script that may contain malicious code, if you do not want to receive this message please change the setting in preferences.
Fri Jul 24 18:41:13 IST 2020:INFO:Loaded project from [file:/C:/Users/RahilAkram/Desktop/rahil/Desktop/rahil/dump/XG-EM/Maintenance%20EM%20DTD%20Sync-soapui-project.xml]
Fri Jul 24 18:41:13 IST 2020:INFO:Loaded project from [file:/C:/Users/RahilAkram/Desktop/Project-1-soapui-project.xml]
Fri Jul 24 18:41:13 IST 2020:INFO:Loaded project from [file:/C:/Users/RahilAkram/Documents/API-Testing-2020-soapui-project.xml]
Fri Jul 24 18:41:13 IST 2020:INFO:Loaded project from [file:/C:/Users/RahilAkram/Documents/Project-2-soapui-project.xml]
Fri Jul 24 18:41:13 IST 2020:INFO:Loaded project from [file:/C:/Users/RahilAkram/Documents/REST-soapui-project.xml]
Fri Jul 24 18:41:13 IST 2020:INFO:Loaded project from [file:/C:/Users/RahilAkram/Documents/API-Testing-Project-soapui-project.xml]
Fri Jul 24 18:41:13 IST 2020:INFO:Loaded project from [file:/C:/Users/RahilAkram/Documents/Webservice-Testing-Project-soapui-project.xml]
Fri Jul 24 18:41:13 IST 2020:INFO:Used java version: 12.0.1
Scheduling garbage collection every 60 seconds
Fri Jul 24 18:41:54 IST 2020:INFO:Loaded project from [file:/C:/Users/RahilAkram/Documents/Webservice-Testing-Project-soapui-project.xml]
Fri Jul 24 18:41:54 IST 2020:INFO:Saved workspace to [C:\Users\RahilAkram\default-soapui-workspace.xml]
Fri Jul 24 18:43:42 IST 2020:INFO:Saved project [Webservice_Testing_Project_submit] to [C:\Users\RahilAkram\Documents\Webservice-Testing-Project-soapui-project.xml - 108000 bytes
Fri Jul 24 18:48:00 IST 2020:INFO:Loaded project from [file:/C:/Users/RahilAkram/Documents/Webservice-Testing-Project-soapui-project.xml]
Fri Jul 24 18:48:00 IST 2020:INFO:Saved workspace to [C:\Users\RahilAkram\default-soapui-workspace.xml]
Fri Jul 24 18:48:09 IST 2020:ERROR:An error occurred [C:\Users\BhaskaraNaiduThota\Desktop\Bhaskar\manipal\sampledata.xls (The system cannot find the path specified)], see error log for details
Fri Jul 24 18:48:34 IST 2020:INFO:Saved project [Web Method XMLSD] to [C:\Users\RahilAkram\Desktop\CR FEB\xmls\December Projects\april 2019\Web_Method_XMLSD_soapui_project_ST_.xml - 620416 bytes
Fri Jul 24 18:48:34 IST 2020:INFO:Saved project [Web Method XMLSD] to [C:\Users\RahilAkram\Desktop\CR FEB\xmls\December Projects\april 2019\Web-Method-XMLSD-soapui-project.xml - 735248 bytes
Fri Jul 24 18:48:34 IST 2020:INFO:Saved project [XMLEC_Dev] to [C:\Users\RahilAkram\Desktop\CR FEB\xmls\December Projects\april 2019\XMLEC_Dev_soapui_project.xml - 337792 bytes
Fri Jul 24 18:48:34 IST 2020:INFO:Saved project [WebMethods_Upgrade_XMLGW] to [C:\Users\RahilAkram\Desktop\CR FEB\xmls\December Projects\WM Upgrade Dev Testing XMLGW\WebMethods-Upgrade-XMLGW-XMLSA-DEV-soapui-project.xml - 625556 bytes
Fri Jul 24 18:48:34 IST 2020:INFO:Saved project [Maintenance EM DTD Sync] to [C:\Users\RahilAkram\Desktop\rahil\Desktop\rahil\dump\XG-EM\Maintenance EM DTD Sync-soapui-project.xml - 745430 bytes
Fri Jul 24 18:48:34 IST 2020:INFO:Saved project [Project 1] to [C:\Users\RahilAkram\Desktop\Project-1-soapui-project.xml - 27530 bytes
Fri Jul 24 18:48:34 IST 2020:INFO:Saved project [API_Testing_2020] to [C:\Users\RahilAkram\Documents\API-Testing-2020-soapui-project.xml - 91650 bytes
Fri Jul 24 18:48:34 IST 2020:INFO:Saved project [Project 2] to [C:\Users\RahilAkram\Documents\Project-2-soapui-project.xml - 4337 bytes
Fri Jul 24 18:48:34 IST 2020:INFO:Saved project [REST] to [C:\Users\RahilAkram\Documents\REST-soapui-project.xml - 7450 bytes
Fri Jul 24 18:48:34 IST 2020:INFO:Saved project [API_Testing_Project_submission] to [C:\Users\RahilAkram\Documents\API-Testing-Project-soapui-project.xml - 113562 bytes
Fri Jul 24 18:48:34 IST 2020:INFO:Saved project [Webservice_Testing_Project_submit] to [C:\Users\RahilAkram\Documents\Webservice-Testing-Project-soapui-project.xml - 109380 bytes
Fri Jul 24 18:48:34 IST 2020:INFO:Saved workspace to [C:\Users\RahilAkram\default-soapui-workspace.xml]
Fri Jul 24 18:48:35 IST 2020:ERROR:An error occurred [No match found], see error log for details
Fri Jul 24 18:48:35 IST 2020:ERROR:An error occurred [startup failed:
Script2.groovy: 3: unexpected char: '\' @ line 3, column 20.
   String filepath="C:\Users\RahilAkram\Documents\sampledata.xls\sampledata.xls"
                      ^
org.codehaus.groovy.syntax.SyntaxException: unexpected char: '\' @ line 3, column 20.
	at org.codehaus.groovy.antlr.AntlrParserPlugin.transformCSTIntoAST(AntlrParserPlugin.java:218)
	at org.codehaus.groovy.antlr.AntlrParserPlugin.parseCST(AntlrParserPlugin.java:191)
	at org.codehaus.groovy.control.SourceUnit.parse(SourceUnit.java:233)
	at org.codehaus.groovy.control.CompilationUnit$1.call(CompilationUnit.java:189)
	at org.codehaus.groovy.control.CompilationUnit.applyToSourceUnits(CompilationUnit.java:966)
	at org.codehaus.groovy.control.CompilationUnit.doPhaseOperation(CompilationUnit.java:626)
	at org.codehaus.groovy.control.CompilationUnit.processPhaseOperations(CompilationUnit.java:602)
	at org.codehaus.groovy.control.CompilationUnit.compile(CompilationUnit.java:579)
	at groovy.lang.GroovyClassLoader.doParseClass(GroovyClassLoader.java:323)
	at groovy.lang.GroovyClassLoader.parseClass(GroovyClassLoader.java:293)
	at groovy.lang.GroovyShell.parseClass(GroovyShell.java:677)
	at groovy.lang.GroovyShell.parse(GroovyShell.java:689)
	at groovy.lang.GroovyShell.parse(GroovyShell.java:725)
	at groovy.lang.GroovyShell.parse(GroovyShell.java:716)
	at com.eviware.soapui.support.scripting.groovy.SoapUIGroovyScriptEngine.compile(SoapUIGroovyScriptEngine.java:136)
	at com.eviware.soapui.support.scripting.groovy.SoapUIGroovyScriptEngine.run(SoapUIGroovyScriptEngine.java:87)
	at com.eviware.soapui.impl.wsdl.teststeps.WsdlGroovyScriptTestStep.run(WsdlGroovyScriptTestStep.java:141)
	at com.eviware.soapui.impl.wsdl.panels.teststeps.GroovyScriptStepDesktopPanel$RunAction$1.run(GroovyScriptStepDesktopPanel.java:250)
	at java.base/java.util.concurrent.ThreadPoolExecutor.runWorker(ThreadPoolExecutor.java:1128)
	at java.base/java.util.concurrent.ThreadPoolExecutor$Worker.run(ThreadPoolExecutor.java:628)
	at java.base/java.lang.Thread.run(Thread.java:835)
Caused by: Script2.groovy:3:20: unexpected char: '\'
	at org.codehaus.groovy.antlr.parser.GroovyLexer.mESC(GroovyLexer.java:2192)
	at org.codehaus.groovy.antlr.parser.GroovyLexer.mSTRING_CTOR_END(GroovyLexer.java:2238)
	at org.codehaus.groovy.antlr.parser.GroovyLexer.mSTRING_LITERAL(GroovyLexer.java:1997)
	at org.codehaus.groovy.antlr.parser.GroovyLexer.nextToken(GroovyLexer.java:478)
	at org.codehaus.groovy.antlr.parser.GroovyLexer$1.nextToken(GroovyLexer.java:262)
	at groovyjarjarantlr.TokenBuffer.fill(TokenBuffer.java:69)
	at groovyjarjarantlr.TokenBuffer.LA(TokenBuffer.java:80)
	at groovyjarjarantlr.LLkParser.LA(LLkParser.java:52)
	at org.codehaus.groovy.antlr.parser.GroovyRecognizer.nls(GroovyRecognizer.java:794)
	at org.codehaus.groovy.antlr.parser.GroovyRecognizer.varInitializer(GroovyRecognizer.java:2770)
	at org.codehaus.groovy.antlr.parser.GroovyRecognizer.variableDeclarator(GroovyRecognizer.java:8032)
	at org.codehaus.groovy.antlr.parser.GroovyRecognizer.listOfVariables(GroovyRecognizer.java:7986)
	at org.codehaus.groovy.antlr.parser.GroovyRecognizer.variableDefinitions(GroovyRecognizer.java:2366)
	at org.codehaus.groovy.antlr.parser.GroovyRecognizer.declaration(GroovyRecognizer.java:2253)
	at org.codehaus.groovy.antlr.parser.GroovyRecognizer.statement(GroovyRecognizer.java:1210)
	at org.codehaus.groovy.antlr.parser.GroovyRecognizer.compilationUnit(GroovyRecognizer.java:758)
	at org.codehaus.groovy.antlr.AntlrParserPlugin.transformCSTIntoAST(AntlrParserPlugin.java:214)
	... 20 more

1 error
], see error log for details
Fri Jul 24 18:49:07 IST 2020:INFO:Saved project [Web Method XMLSD] to [C:\Users\RahilAkram\Desktop\CR FEB\xmls\December Projects\april 2019\Web_Method_XMLSD_soapui_project_ST_.xml - 620416 bytes
Fri Jul 24 18:49:07 IST 2020:INFO:Saved project [Web Method XMLSD] to [C:\Users\RahilAkram\Desktop\CR FEB\xmls\December Projects\april 2019\Web-Method-XMLSD-soapui-project.xml - 735248 bytes
Fri Jul 24 18:49:08 IST 2020:INFO:Saved project [XMLEC_Dev] to [C:\Users\RahilAkram\Desktop\CR FEB\xmls\December Projects\april 2019\XMLEC_Dev_soapui_project.xml - 337792 bytes
Fri Jul 24 18:49:08 IST 2020:INFO:Saved project [WebMethods_Upgrade_XMLGW] to [C:\Users\RahilAkram\Desktop\CR FEB\xmls\December Projects\WM Upgrade Dev Testing XMLGW\WebMethods-Upgrade-XMLGW-XMLSA-DEV-soapui-project.xml - 625556 bytes
Fri Jul 24 18:49:08 IST 2020:INFO:Saved project [Maintenance EM DTD Sync] to [C:\Users\RahilAkram\Desktop\rahil\Desktop\rahil\dump\XG-EM\Maintenance EM DTD Sync-soapui-project.xml - 745430 bytes
Fri Jul 24 18:49:08 IST 2020:INFO:Saved project [Project 1] to [C:\Users\RahilAkram\Desktop\Project-1-soapui-project.xml - 27530 bytes
Fri Jul 24 18:49:08 IST 2020:INFO:Saved project [API_Testing_2020] to [C:\Users\RahilAkram\Documents\API-Testing-2020-soapui-project.xml - 91650 bytes
Fri Jul 24 18:49:08 IST 2020:INFO:Saved project [Project 2] to [C:\Users\RahilAkram\Documents\Project-2-soapui-project.xml - 4337 bytes
Fri Jul 24 18:49:08 IST 2020:INFO:Saved project [REST] to [C:\Users\RahilAkram\Documents\REST-soapui-project.xml - 7450 bytes
Fri Jul 24 18:49:08 IST 2020:INFO:Saved project [API_Testing_Project_submission] to [C:\Users\RahilAkram\Documents\API-Testing-Project-soapui-project.xml - 113562 bytes
Fri Jul 24 18:49:08 IST 2020:INFO:Saved project [Webservice_Testing_Project_submit] to [C:\Users\RahilAkram\Documents\Webservice-Testing-Project-soapui-project.xml - 109365 bytes
Fri Jul 24 18:49:08 IST 2020:INFO:Saved workspace to [C:\Users\RahilAkram\default-soapui-workspace.xml]
Fri Jul 24 18:49:09 IST 2020:ERROR:An error occurred [No match found], see error log for details
Fri Jul 24 18:49:09 IST 2020:ERROR:An error occurred [startup failed:
Script3.groovy: 3: unexpected char: '\' @ line 3, column 20.
   String filepath="C:\Users\RahilAkram\Documents\sampledata.xls"
                      ^
org.codehaus.groovy.syntax.SyntaxException: unexpected char: '\' @ line 3, column 20.
	at org.codehaus.groovy.antlr.AntlrParserPlugin.transformCSTIntoAST(AntlrParserPlugin.java:218)
	at org.codehaus.groovy.antlr.AntlrParserPlugin.parseCST(AntlrParserPlugin.java:191)
	at org.codehaus.groovy.control.SourceUnit.parse(SourceUnit.java:233)
	at org.codehaus.groovy.control.CompilationUnit$1.call(CompilationUnit.java:189)
	at org.codehaus.groovy.control.CompilationUnit.applyToSourceUnits(CompilationUnit.java:966)
	at org.codehaus.groovy.control.CompilationUnit.doPhaseOperation(CompilationUnit.java:626)
	at org.codehaus.groovy.control.CompilationUnit.processPhaseOperations(CompilationUnit.java:602)
	at org.codehaus.groovy.control.CompilationUnit.compile(CompilationUnit.java:579)
	at groovy.lang.GroovyClassLoader.doParseClass(GroovyClassLoader.java:323)
	at groovy.lang.GroovyClassLoader.parseClass(GroovyClassLoader.java:293)
	at groovy.lang.GroovyShell.parseClass(GroovyShell.java:677)
	at groovy.lang.GroovyShell.parse(GroovyShell.java:689)
	at groovy.lang.GroovyShell.parse(GroovyShell.java:725)
	at groovy.lang.GroovyShell.parse(GroovyShell.java:716)
	at com.eviware.soapui.support.scripting.groovy.SoapUIGroovyScriptEngine.compile(SoapUIGroovyScriptEngine.java:136)
	at com.eviware.soapui.support.scripting.groovy.SoapUIGroovyScriptEngine.run(SoapUIGroovyScriptEngine.java:87)
	at com.eviware.soapui.impl.wsdl.teststeps.WsdlGroovyScriptTestStep.run(WsdlGroovyScriptTestStep.java:141)
	at com.eviware.soapui.impl.wsdl.panels.teststeps.GroovyScriptStepDesktopPanel$RunAction$1.run(GroovyScriptStepDesktopPanel.java:250)
	at java.base/java.util.concurrent.ThreadPoolExecutor.runWorker(ThreadPoolExecutor.java:1128)
	at java.base/java.util.concurrent.ThreadPoolExecutor$Worker.run(ThreadPoolExecutor.java:628)
	at java.base/java.lang.Thread.run(Thread.java:835)
Caused by: Script3.groovy:3:20: unexpected char: '\'
	at org.codehaus.groovy.antlr.parser.GroovyLexer.mESC(GroovyLexer.java:2192)
	at org.codehaus.groovy.antlr.parser.GroovyLexer.mSTRING_CTOR_END(GroovyLexer.java:2238)
	at org.codehaus.groovy.antlr.parser.GroovyLexer.mSTRING_LITERAL(GroovyLexer.java:1997)
	at org.codehaus.groovy.antlr.parser.GroovyLexer.nextToken(GroovyLexer.java:478)
	at org.codehaus.groovy.antlr.parser.GroovyLexer$1.nextToken(GroovyLexer.java:262)
	at groovyjarjarantlr.TokenBuffer.fill(TokenBuffer.java:69)
	at groovyjarjarantlr.TokenBuffer.LA(TokenBuffer.java:80)
	at groovyjarjarantlr.LLkParser.LA(LLkParser.java:52)
	at org.codehaus.groovy.antlr.parser.GroovyRecognizer.nls(GroovyRecognizer.java:794)
	at org.codehaus.groovy.antlr.parser.GroovyRecognizer.varInitializer(GroovyRecognizer.java:2770)
	at org.codehaus.groovy.antlr.parser.GroovyRecognizer.variableDeclarator(GroovyRecognizer.java:8032)
	at org.codehaus.groovy.antlr.parser.GroovyRecognizer.listOfVariables(GroovyRecognizer.java:7986)
	at org.codehaus.groovy.antlr.parser.GroovyRecognizer.variableDefinitions(GroovyRecognizer.java:2366)
	at org.codehaus.groovy.antlr.parser.GroovyRecognizer.declaration(GroovyRecognizer.java:2253)
	at org.codehaus.groovy.antlr.parser.GroovyRecognizer.statement(GroovyRecognizer.java:1210)
	at org.codehaus.groovy.antlr.parser.GroovyRecognizer.compilationUnit(GroovyRecognizer.java:758)
	at org.codehaus.groovy.antlr.AntlrParserPlugin.transformCSTIntoAST(AntlrParserPlugin.java:214)
	... 20 more

1 error
], see error log for details
Fri Jul 24 18:49:29 IST 2020:INFO:Saved project [Web Method XMLSD] to [C:\Users\RahilAkram\Desktop\CR FEB\xmls\December Projects\april 2019\Web_Method_XMLSD_soapui_project_ST_.xml - 620416 bytes
Fri Jul 24 18:49:29 IST 2020:INFO:Saved project [Web Method XMLSD] to [C:\Users\RahilAkram\Desktop\CR FEB\xmls\December Projects\april 2019\Web-Method-XMLSD-soapui-project.xml - 735248 bytes
Fri Jul 24 18:49:29 IST 2020:INFO:Saved project [XMLEC_Dev] to [C:\Users\RahilAkram\Desktop\CR FEB\xmls\December Projects\april 2019\XMLEC_Dev_soapui_project.xml - 337792 bytes
Fri Jul 24 18:49:29 IST 2020:INFO:Saved project [WebMethods_Upgrade_XMLGW] to [C:\Users\RahilAkram\Desktop\CR FEB\xmls\December Projects\WM Upgrade Dev Testing XMLGW\WebMethods-Upgrade-XMLGW-XMLSA-DEV-soapui-project.xml - 625556 bytes
Fri Jul 24 18:49:29 IST 2020:INFO:Saved project [Maintenance EM DTD Sync] to [C:\Users\RahilAkram\Desktop\rahil\Desktop\rahil\dump\XG-EM\Maintenance EM DTD Sync-soapui-project.xml - 745430 bytes
Fri Jul 24 18:49:29 IST 2020:INFO:Saved project [Project 1] to [C:\Users\RahilAkram\Desktop\Project-1-soapui-project.xml - 27530 bytes
Fri Jul 24 18:49:29 IST 2020:INFO:Saved project [API_Testing_2020] to [C:\Users\RahilAkram\Documents\API-Testing-2020-soapui-project.xml - 91650 bytes
Fri Jul 24 18:49:29 IST 2020:INFO:Saved project [Project 2] to [C:\Users\RahilAkram\Documents\Project-2-soapui-project.xml - 4337 bytes
Fri Jul 24 18:49:29 IST 2020:INFO:Saved project [REST] to [C:\Users\RahilAkram\Documents\REST-soapui-project.xml - 7450 bytes
Fri Jul 24 18:49:29 IST 2020:INFO:Saved project [API_Testing_Project_submission] to [C:\Users\RahilAkram\Documents\API-Testing-Project-soapui-project.xml - 113562 bytes
Fri Jul 24 18:49:30 IST 2020:INFO:Saved project [Webservice_Testing_Project_submit] to [C:\Users\RahilAkram\Documents\Webservice-Testing-Project-soapui-project.xml - 109369 bytes
Fri Jul 24 18:49:30 IST 2020:INFO:Saved workspace to [C:\Users\RahilAkram\default-soapui-workspace.xml]
Fri Jul 24 18:49:33 IST 2020:DEBUG:Attempt 1 to execute request
Fri Jul 24 18:49:33 IST 2020:DEBUG:Sending request: POST /soap/default?services=customerCustomerRepositoryV1 HTTP/1.1
Fri Jul 24 18:49:34 IST 2020:DEBUG:Receiving response: HTTP/1.1 200 OK
Fri Jul 24 18:49:34 IST 2020:DEBUG:Connection can be kept alive indefinitely
Fri Jul 24 18:49:35 IST 2020:DEBUG:Stale connection check
Fri Jul 24 18:49:35 IST 2020:DEBUG:Attempt 1 to execute request
Fri Jul 24 18:49:35 IST 2020:DEBUG:Sending request: POST /soap/default?services=customerCustomerRepositoryV1 HTTP/1.1
Fri Jul 24 18:49:38 IST 2020:DEBUG:Receiving response: HTTP/1.1 200 OK
Fri Jul 24 18:49:38 IST 2020:DEBUG:Connection can be kept alive indefinitely
Fri Jul 24 18:49:52 IST 2020:DEBUG:Stale connection check
Fri Jul 24 18:49:52 IST 2020:DEBUG:Stale connection detected
Fri Jul 24 18:49:52 IST 2020:DEBUG:Connection 0.0.0.0:64278<->31.220.104.212:80 closed
Fri Jul 24 18:49:53 IST 2020:DEBUG:Attempt 1 to execute request
Fri Jul 24 18:49:53 IST 2020:DEBUG:Sending request: POST /soap/default?services=customerCustomerRepositoryV1 HTTP/1.1
Fri Jul 24 18:49:54 IST 2020:DEBUG:Receiving response: HTTP/1.1 200 OK
Fri Jul 24 18:49:54 IST 2020:DEBUG:Connection can be kept alive indefinitely
Fri Jul 24 18:49:54 IST 2020:DEBUG:Stale connection check
Fri Jul 24 18:49:54 IST 2020:DEBUG:Attempt 1 to execute request
Fri Jul 24 18:49:54 IST 2020:DEBUG:Sending request: POST /soap/default?services=customerCustomerRepositoryV1 HTTP/1.1
Fri Jul 24 18:49:56 IST 2020:DEBUG:Receiving response: HTTP/1.1 200 OK
Fri Jul 24 18:49:56 IST 2020:DEBUG:Connection can be kept alive indefinitely
Fri Jul 24 18:49:56 IST 2020:DEBUG:Stale connection check
Fri Jul 24 18:49:56 IST 2020:DEBUG:Attempt 1 to execute request
Fri Jul 24 18:49:56 IST 2020:DEBUG:Sending request: POST /soap/default?services=customerCustomerRepositoryV1 HTTP/1.1
Fri Jul 24 18:49:58 IST 2020:DEBUG:Receiving response: HTTP/1.1 200 OK
Fri Jul 24 18:49:58 IST 2020:DEBUG:Connection can be kept alive indefinitely
Fri Jul 24 18:49:58 IST 2020:DEBUG:Stale connection check
Fri Jul 24 18:49:58 IST 2020:DEBUG:Attempt 1 to execute request
Fri Jul 24 18:49:58 IST 2020:DEBUG:Sending request: POST /soap/default?services=customerCustomerRepositoryV1 HTTP/1.1
Fri Jul 24 18:50:03 IST 2020:DEBUG:Receiving response: HTTP/1.1 200 OK
Fri Jul 24 18:50:03 IST 2020:DEBUG:Connection can be kept alive indefinitely
Fri Jul 24 18:50:09 IST 2020:DEBUG:Stale connection check
Fri Jul 24 18:50:09 IST 2020:DEBUG:Attempt 1 to execute request
Fri Jul 24 18:50:09 IST 2020:DEBUG:Sending request: POST /soap/default?services=customerCustomerRepositoryV1 HTTP/1.1
Fri Jul 24 18:50:10 IST 2020:DEBUG:Receiving response: HTTP/1.1 200 OK
Fri Jul 24 18:50:10 IST 2020:DEBUG:Connection can be kept alive indefinitely
Fri Jul 24 18:50:10 IST 2020:DEBUG:Stale connection check
Fri Jul 24 18:50:10 IST 2020:DEBUG:Attempt 1 to execute request
Fri Jul 24 18:50:10 IST 2020:DEBUG:Sending request: POST /soap/default?services=customerCustomerRepositoryV1 HTTP/1.1
Fri Jul 24 18:50:12 IST 2020:DEBUG:Receiving response: HTTP/1.1 200 OK
Fri Jul 24 18:50:12 IST 2020:DEBUG:Connection can be kept alive indefinitely
Fri Jul 24 18:50:12 IST 2020:DEBUG:Stale connection check
Fri Jul 24 18:50:12 IST 2020:DEBUG:Attempt 1 to execute request
Fri Jul 24 18:50:12 IST 2020:DEBUG:Sending request: POST /soap/default?services=customerCustomerRepositoryV1 HTTP/1.1
Fri Jul 24 18:50:13 IST 2020:DEBUG:Receiving response: HTTP/1.1 200 OK
Fri Jul 24 18:50:13 IST 2020:DEBUG:Connection can be kept alive indefinitely
Fri Jul 24 18:50:13 IST 2020:DEBUG:Stale connection check
Fri Jul 24 18:50:13 IST 2020:DEBUG:Attempt 1 to execute request
Fri Jul 24 18:50:13 IST 2020:DEBUG:Sending request: POST /soap/default?services=customerCustomerRepositoryV1 HTTP/1.1
Fri Jul 24 18:50:17 IST 2020:DEBUG:Receiving response: HTTP/1.1 200 OK
Fri Jul 24 18:50:17 IST 2020:DEBUG:Connection can be kept alive indefinitely
Fri Jul 24 18:50:24 IST 2020:DEBUG:Stale connection check
Fri Jul 24 18:50:24 IST 2020:DEBUG:Attempt 1 to execute request
Fri Jul 24 18:50:24 IST 2020:DEBUG:Sending request: POST /soap/default?services=customerCustomerRepositoryV1 HTTP/1.1
Fri Jul 24 18:50:25 IST 2020:DEBUG:Receiving response: HTTP/1.1 200 OK
Fri Jul 24 18:50:25 IST 2020:DEBUG:Connection can be kept alive indefinitely
Fri Jul 24 18:50:25 IST 2020:DEBUG:Stale connection check
Fri Jul 24 18:50:25 IST 2020:DEBUG:Attempt 1 to execute request
Fri Jul 24 18:50:25 IST 2020:DEBUG:Sending request: POST /soap/default?services=customerCustomerRepositoryV1 HTTP/1.1
Fri Jul 24 18:50:26 IST 2020:DEBUG:Receiving response: HTTP/1.1 200 OK
Fri Jul 24 18:50:26 IST 2020:DEBUG:Connection can be kept alive indefinitely
Fri Jul 24 18:50:26 IST 2020:DEBUG:Stale connection check
Fri Jul 24 18:50:26 IST 2020:DEBUG:Attempt 1 to execute request
Fri Jul 24 18:50:26 IST 2020:DEBUG:Sending request: POST /soap/default?services=customerCustomerRepositoryV1 HTTP/1.1
Fri Jul 24 18:50:27 IST 2020:DEBUG:Receiving response: HTTP/1.1 200 OK
Fri Jul 24 18:50:27 IST 2020:DEBUG:Connection can be kept alive indefinitely
Fri Jul 24 18:50:27 IST 2020:DEBUG:Stale connection check
Fri Jul 24 18:50:27 IST 2020:DEBUG:Attempt 1 to execute request
Fri Jul 24 18:50:27 IST 2020:DEBUG:Sending request: POST /soap/default?services=customerCustomerRepositoryV1 HTTP/1.1
Fri Jul 24 18:50:30 IST 2020:DEBUG:Receiving response: HTTP/1.1 200 OK
Fri Jul 24 18:50:30 IST 2020:DEBUG:Connection can be kept alive indefinitely
Fri Jul 24 18:50:34 IST 2020:DEBUG:Stale connection check
Fri Jul 24 18:50:34 IST 2020:DEBUG:Attempt 1 to execute request
Fri Jul 24 18:50:34 IST 2020:DEBUG:Sending request: POST /soap/default?services=customerCustomerRepositoryV1 HTTP/1.1
Fri Jul 24 18:50:35 IST 2020:DEBUG:Receiving response: HTTP/1.1 200 OK
Fri Jul 24 18:50:35 IST 2020:DEBUG:Connection can be kept alive indefinitely
Fri Jul 24 18:50:35 IST 2020:DEBUG:Stale connection check
Fri Jul 24 18:50:35 IST 2020:DEBUG:Attempt 1 to execute request
Fri Jul 24 18:50:35 IST 2020:DEBUG:Sending request: POST /soap/default?services=customerCustomerRepositoryV1 HTTP/1.1
Fri Jul 24 18:50:36 IST 2020:DEBUG:Receiving response: HTTP/1.1 200 OK
Fri Jul 24 18:50:36 IST 2020:DEBUG:Connection can be kept alive indefinitely
Fri Jul 24 18:50:55 IST 2020:INFO:Saved project [Web Method XMLSD] to [C:\Users\RahilAkram\Desktop\CR FEB\xmls\December Projects\april 2019\Web_Method_XMLSD_soapui_project_ST_.xml - 620416 bytes
Fri Jul 24 18:50:55 IST 2020:INFO:Saved project [Web Method XMLSD] to [C:\Users\RahilAkram\Desktop\CR FEB\xmls\December Projects\april 2019\Web-Method-XMLSD-soapui-project.xml - 735248 bytes
Fri Jul 24 18:50:55 IST 2020:INFO:Saved project [XMLEC_Dev] to [C:\Users\RahilAkram\Desktop\CR FEB\xmls\December Projects\april 2019\XMLEC_Dev_soapui_project.xml - 337792 bytes
Fri Jul 24 18:50:55 IST 2020:INFO:Saved project [WebMethods_Upgrade_XMLGW] to [C:\Users\RahilAkram\Desktop\CR FEB\xmls\December Projects\WM Upgrade Dev Testing XMLGW\WebMethods-Upgrade-XMLGW-XMLSA-DEV-soapui-project.xml - 625556 bytes
Fri Jul 24 18:50:55 IST 2020:INFO:Saved project [Maintenance EM DTD Sync] to [C:\Users\RahilAkram\Desktop\rahil\Desktop\rahil\dump\XG-EM\Maintenance EM DTD Sync-soapui-project.xml - 745430 bytes
Fri Jul 24 18:50:56 IST 2020:INFO:Saved project [Project 1] to [C:\Users\RahilAkram\Desktop\Project-1-soapui-project.xml - 27530 bytes
Fri Jul 24 18:50:56 IST 2020:INFO:Saved project [API_Testing_2020] to [C:\Users\RahilAkram\Documents\API-Testing-2020-soapui-project.xml - 91650 bytes
Fri Jul 24 18:50:56 IST 2020:INFO:Saved project [Project 2] to [C:\Users\RahilAkram\Documents\Project-2-soapui-project.xml - 4337 bytes
Fri Jul 24 18:50:56 IST 2020:INFO:Saved project [REST] to [C:\Users\RahilAkram\Documents\REST-soapui-project.xml - 7450 bytes
Fri Jul 24 18:50:56 IST 2020:INFO:Saved project [API_Testing_Project_submission] to [C:\Users\RahilAkram\Documents\API-Testing-Project-soapui-project.xml - 113562 bytes
Fri Jul 24 18:50:56 IST 2020:INFO:Saved project [Webservice_Testing_Project_submit] to [C:\Users\RahilAkram\Documents\Webservice-Testing-Project-soapui-project.xml - 109372 bytes
Fri Jul 24 18:50:56 IST 2020:INFO:Saved workspace to [C:\Users\RahilAkram\default-soapui-workspace.xml]
Fri Jul 24 18:50:58 IST 2020:ERROR:An error occurred [C:\Users\RahilAkram\Documents\customer_data.xls (The system cannot find the file specified)], see error log for details
Fri Jul 24 18:51:09 IST 2020:DEBUG:Connection 0.0.0.0:64281<->31.220.104.212:80 closed
Fri Jul 24 18:54:16 IST 2020:INFO:Saved project [Web Method XMLSD] to [C:\Users\RahilAkram\Desktop\CR FEB\xmls\December Projects\april 2019\Web_Method_XMLSD_soapui_project_ST_.xml - 620416 bytes
Fri Jul 24 18:54:16 IST 2020:INFO:Saved project [Web Method XMLSD] to [C:\Users\RahilAkram\Desktop\CR FEB\xmls\December Projects\april 2019\Web-Method-XMLSD-soapui-project.xml - 735248 bytes
Fri Jul 24 18:54:16 IST 2020:INFO:Saved project [XMLEC_Dev] to [C:\Users\RahilAkram\Desktop\CR FEB\xmls\December Projects\april 2019\XMLEC_Dev_soapui_project.xml - 337792 bytes
Fri Jul 24 18:54:16 IST 2020:INFO:Saved project [WebMethods_Upgrade_XMLGW] to [C:\Users\RahilAkram\Desktop\CR FEB\xmls\December Projects\WM Upgrade Dev Testing XMLGW\WebMethods-Upgrade-XMLGW-XMLSA-DEV-soapui-project.xml - 625556 bytes
Fri Jul 24 18:54:16 IST 2020:INFO:Saved project [Maintenance EM DTD Sync] to [C:\Users\RahilAkram\Desktop\rahil\Desktop\rahil\dump\XG-EM\Maintenance EM DTD Sync-soapui-project.xml - 745430 bytes
Fri Jul 24 18:54:16 IST 2020:INFO:Saved project [Project 1] to [C:\Users\RahilAkram\Desktop\Project-1-soapui-project.xml - 27530 bytes
Fri Jul 24 18:54:16 IST 2020:INFO:Saved project [API_Testing_2020] to [C:\Users\RahilAkram\Documents\API-Testing-2020-soapui-project.xml - 91650 bytes
Fri Jul 24 18:54:16 IST 2020:INFO:Saved project [Project 2] to [C:\Users\RahilAkram\Documents\Project-2-soapui-project.xml - 4337 bytes
Fri Jul 24 18:54:16 IST 2020:INFO:Saved project [REST] to [C:\Users\RahilAkram\Documents\REST-soapui-project.xml - 7450 bytes
Fri Jul 24 18:54:16 IST 2020:INFO:Saved project [API_Testing_Project_submission] to [C:\Users\RahilAkram\Documents\API-Testing-Project-soapui-project.xml - 113562 bytes
Fri Jul 24 18:54:17 IST 2020:INFO:Saved project [Webservice_Testing_Project_submit] to [C:\Users\RahilAkram\Documents\Webservice-Testing-Project-soapui-project.xml - 109372 bytes
Fri Jul 24 18:54:17 IST 2020:INFO:Saved workspace to [C:\Users\RahilAkram\default-soapui-workspace.xml]
Fri Jul 24 18:54:17 IST 2020:INFO:Saved project [Web Method XMLSD] to [C:\Users\RahilAkram\Desktop\CR FEB\xmls\December Projects\april 2019\Web_Method_XMLSD_soapui_project_ST_.xml - 620416 bytes
Fri Jul 24 18:54:17 IST 2020:INFO:Saved project [Web Method XMLSD] to [C:\Users\RahilAkram\Desktop\CR FEB\xmls\December Projects\april 2019\Web-Method-XMLSD-soapui-project.xml - 735248 bytes
Fri Jul 24 18:54:17 IST 2020:INFO:Saved project [XMLEC_Dev] to [C:\Users\RahilAkram\Desktop\CR FEB\xmls\December Projects\april 2019\XMLEC_Dev_soapui_project.xml - 337792 bytes
Fri Jul 24 18:54:17 IST 2020:INFO:Saved project [WebMethods_Upgrade_XMLGW] to [C:\Users\RahilAkram\Desktop\CR FEB\xmls\December Projects\WM Upgrade Dev Testing XMLGW\WebMethods-Upgrade-XMLGW-XMLSA-DEV-soapui-project.xml - 625556 bytes
Fri Jul 24 18:54:17 IST 2020:INFO:Saved project [Maintenance EM DTD Sync] to [C:\Users\RahilAkram\Desktop\rahil\Desktop\rahil\dump\XG-EM\Maintenance EM DTD Sync-soapui-project.xml - 745430 bytes
Fri Jul 24 18:54:17 IST 2020:INFO:Saved project [Project 1] to [C:\Users\RahilAkram\Desktop\Project-1-soapui-project.xml - 27530 bytes
Fri Jul 24 18:54:17 IST 2020:INFO:Saved project [API_Testing_2020] to [C:\Users\RahilAkram\Documents\API-Testing-2020-soapui-project.xml - 91650 bytes
Fri Jul 24 18:54:17 IST 2020:INFO:Saved project [Project 2] to [C:\Users\RahilAkram\Documents\Project-2-soapui-project.xml - 4337 bytes
Fri Jul 24 18:54:17 IST 2020:INFO:Saved project [REST] to [C:\Users\RahilAkram\Documents\REST-soapui-project.xml - 7450 bytes
Fri Jul 24 18:54:18 IST 2020:INFO:Saved project [API_Testing_Project_submission] to [C:\Users\RahilAkram\Documents\API-Testing-Project-soapui-project.xml - 113562 bytes
Fri Jul 24 18:54:18 IST 2020:INFO:Saved project [Webservice_Testing_Project_submit] to [C:\Users\RahilAkram\Documents\Webservice-Testing-Project-soapui-project.xml - 109372 bytes
Fri Jul 24 18:54:18 IST 2020:INFO:Saved workspace to [C:\Users\RahilAkram\default-soapui-workspace.xml]
Fri Jul 24 18:54:18 IST 2020:ERROR:An error occurred [C:\Users\RahilAkram\Documents\customer_data.xls (The system cannot find the file specified)], see error log for details
Fri Jul 24 18:54:24 IST 2020:INFO:Saved project [Web Method XMLSD] to [C:\Users\RahilAkram\Desktop\CR FEB\xmls\December Projects\april 2019\Web_Method_XMLSD_soapui_project_ST_.xml - 620416 bytes
Fri Jul 24 18:54:24 IST 2020:INFO:Saved project [Web Method XMLSD] to [C:\Users\RahilAkram\Desktop\CR FEB\xmls\December Projects\april 2019\Web-Method-XMLSD-soapui-project.xml - 735248 bytes
Fri Jul 24 18:54:24 IST 2020:INFO:Saved project [XMLEC_Dev] to [C:\Users\RahilAkram\Desktop\CR FEB\xmls\December Projects\april 2019\XMLEC_Dev_soapui_project.xml - 337792 bytes
Fri Jul 24 18:54:24 IST 2020:INFO:Saved project [WebMethods_Upgrade_XMLGW] to [C:\Users\RahilAkram\Desktop\CR FEB\xmls\December Projects\WM Upgrade Dev Testing XMLGW\WebMethods-Upgrade-XMLGW-XMLSA-DEV-soapui-project.xml - 625556 bytes
Fri Jul 24 18:54:25 IST 2020:INFO:Saved project [Maintenance EM DTD Sync] to [C:\Users\RahilAkram\Desktop\rahil\Desktop\rahil\dump\XG-EM\Maintenance EM DTD Sync-soapui-project.xml - 745430 bytes
Fri Jul 24 18:54:25 IST 2020:INFO:Saved project [Project 1] to [C:\Users\RahilAkram\Desktop\Project-1-soapui-project.xml - 27530 bytes
Fri Jul 24 18:54:25 IST 2020:INFO:Saved project [API_Testing_2020] to [C:\Users\RahilAkram\Documents\API-Testing-2020-soapui-project.xml - 91650 bytes
Fri Jul 24 18:54:25 IST 2020:INFO:Saved project [Project 2] to [C:\Users\RahilAkram\Documents\Project-2-soapui-project.xml - 4337 bytes
Fri Jul 24 18:54:25 IST 2020:INFO:Saved project [REST] to [C:\Users\RahilAkram\Documents\REST-soapui-project.xml - 7450 bytes
Fri Jul 24 18:54:25 IST 2020:INFO:Saved project [API_Testing_Project_submission] to [C:\Users\RahilAkram\Documents\API-Testing-Project-soapui-project.xml - 113562 bytes
Fri Jul 24 18:54:25 IST 2020:INFO:Saved project [Webservice_Testing_Project_submit] to [C:\Users\RahilAkram\Documents\Webservice-Testing-Project-soapui-project.xml - 109369 bytes
Fri Jul 24 18:54:25 IST 2020:INFO:Saved workspace to [C:\Users\RahilAkram\default-soapui-workspace.xml]
Fri Jul 24 18:54:27 IST 2020:DEBUG:Attempt 1 to execute request
Fri Jul 24 18:54:27 IST 2020:DEBUG:Sending request: POST /soap/default?services=customerCustomerRepositoryV1 HTTP/1.1
Fri Jul 24 18:54:28 IST 2020:DEBUG:Receiving response: HTTP/1.1 200 OK
Fri Jul 24 18:54:28 IST 2020:DEBUG:Connection can be kept alive indefinitely
Fri Jul 24 18:54:28 IST 2020:DEBUG:Stale connection check
Fri Jul 24 18:54:28 IST 2020:DEBUG:Attempt 1 to execute request
Fri Jul 24 18:54:28 IST 2020:DEBUG:Sending request: POST /soap/default?services=customerCustomerRepositoryV1 HTTP/1.1
Fri Jul 24 18:54:31 IST 2020:DEBUG:Receiving response: HTTP/1.1 200 OK
Fri Jul 24 18:54:31 IST 2020:DEBUG:Connection can be kept alive indefinitely
Fri Jul 24 18:54:34 IST 2020:DEBUG:Stale connection check
Fri Jul 24 18:54:34 IST 2020:DEBUG:Attempt 1 to execute request
Fri Jul 24 18:54:34 IST 2020:DEBUG:Sending request: POST /soap/default?services=customerCustomerRepositoryV1 HTTP/1.1
Fri Jul 24 18:54:35 IST 2020:DEBUG:Receiving response: HTTP/1.1 200 OK
Fri Jul 24 18:54:35 IST 2020:DEBUG:Connection can be kept alive indefinitely
Fri Jul 24 18:54:35 IST 2020:DEBUG:Stale connection check
Fri Jul 24 18:54:35 IST 2020:DEBUG:Attempt 1 to execute request
Fri Jul 24 18:54:35 IST 2020:DEBUG:Sending request: POST /soap/default?services=customerCustomerRepositoryV1 HTTP/1.1
Fri Jul 24 18:54:36 IST 2020:DEBUG:Receiving response: HTTP/1.1 200 OK
Fri Jul 24 18:54:36 IST 2020:DEBUG:Connection can be kept alive indefinitely
Fri Jul 24 18:54:36 IST 2020:DEBUG:Stale connection check
Fri Jul 24 18:54:36 IST 2020:DEBUG:Attempt 1 to execute request
Fri Jul 24 18:54:36 IST 2020:DEBUG:Sending request: POST /soap/default?services=customerCustomerRepositoryV1 HTTP/1.1
Fri Jul 24 18:54:38 IST 2020:DEBUG:Receiving response: HTTP/1.1 200 OK
Fri Jul 24 18:54:38 IST 2020:DEBUG:Connection can be kept alive indefinitely
Fri Jul 24 18:54:38 IST 2020:DEBUG:Stale connection check
Fri Jul 24 18:54:38 IST 2020:DEBUG:Attempt 1 to execute request
Fri Jul 24 18:54:38 IST 2020:DEBUG:Sending request: POST /soap/default?services=customerCustomerRepositoryV1 HTTP/1.1
Fri Jul 24 18:54:41 IST 2020:DEBUG:Receiving response: HTTP/1.1 200 OK
Fri Jul 24 18:54:41 IST 2020:DEBUG:Connection can be kept alive indefinitely
Fri Jul 24 18:54:42 IST 2020:DEBUG:Stale connection check
Fri Jul 24 18:54:42 IST 2020:DEBUG:Attempt 1 to execute request
Fri Jul 24 18:54:42 IST 2020:DEBUG:Sending request: POST /soap/default?services=customerCustomerRepositoryV1 HTTP/1.1
Fri Jul 24 18:54:43 IST 2020:DEBUG:Receiving response: HTTP/1.1 200 OK
Fri Jul 24 18:54:43 IST 2020:DEBUG:Connection can be kept alive indefinitely
Fri Jul 24 18:54:43 IST 2020:DEBUG:Stale connection check
Fri Jul 24 18:54:43 IST 2020:DEBUG:Attempt 1 to execute request
Fri Jul 24 18:54:43 IST 2020:DEBUG:Sending request: POST /soap/default?services=customerCustomerRepositoryV1 HTTP/1.1
Fri Jul 24 18:54:45 IST 2020:DEBUG:Receiving response: HTTP/1.1 200 OK
Fri Jul 24 18:54:45 IST 2020:DEBUG:Connection can be kept alive indefinitely
Fri Jul 24 18:54:45 IST 2020:DEBUG:Stale connection check
Fri Jul 24 18:54:45 IST 2020:DEBUG:Attempt 1 to execute request
Fri Jul 24 18:54:45 IST 2020:DEBUG:Sending request: POST /soap/default?services=customerCustomerRepositoryV1 HTTP/1.1
Fri Jul 24 18:54:46 IST 2020:DEBUG:Receiving response: HTTP/1.1 200 OK
Fri Jul 24 18:54:46 IST 2020:DEBUG:Connection can be kept alive indefinitely
Fri Jul 24 18:54:46 IST 2020:DEBUG:Stale connection check
Fri Jul 24 18:54:46 IST 2020:DEBUG:Attempt 1 to execute request
Fri Jul 24 18:54:46 IST 2020:DEBUG:Sending request: POST /soap/default?services=customerCustomerRepositoryV1 HTTP/1.1
Fri Jul 24 18:54:50 IST 2020:DEBUG:Receiving response: HTTP/1.1 200 OK
Fri Jul 24 18:54:50 IST 2020:DEBUG:Connection can be kept alive indefinitely
Fri Jul 24 18:54:51 IST 2020:DEBUG:Stale connection check
Fri Jul 24 18:54:51 IST 2020:DEBUG:Attempt 1 to execute request
Fri Jul 24 18:54:51 IST 2020:DEBUG:Sending request: POST /soap/default?services=customerCustomerRepositoryV1 HTTP/1.1
Fri Jul 24 18:54:52 IST 2020:DEBUG:Receiving response: HTTP/1.1 200 OK
Fri Jul 24 18:54:52 IST 2020:DEBUG:Connection can be kept alive indefinitely
Fri Jul 24 18:54:52 IST 2020:DEBUG:Stale connection check
Fri Jul 24 18:54:52 IST 2020:DEBUG:Attempt 1 to execute request
Fri Jul 24 18:54:52 IST 2020:DEBUG:Sending request: POST /soap/default?services=customerCustomerRepositoryV1 HTTP/1.1
Fri Jul 24 18:54:53 IST 2020:DEBUG:Receiving response: HTTP/1.1 200 OK
Fri Jul 24 18:54:53 IST 2020:DEBUG:Connection can be kept alive indefinitely
Fri Jul 24 18:54:54 IST 2020:DEBUG:Stale connection check
Fri Jul 24 18:54:54 IST 2020:DEBUG:Attempt 1 to execute request
Fri Jul 24 18:54:54 IST 2020:DEBUG:Sending request: POST /soap/default?services=customerCustomerRepositoryV1 HTTP/1.1
Fri Jul 24 18:54:54 IST 2020:DEBUG:Receiving response: HTTP/1.1 200 OK
Fri Jul 24 18:54:54 IST 2020:DEBUG:Connection can be kept alive indefinitely
Fri Jul 24 18:54:54 IST 2020:DEBUG:Stale connection check
Fri Jul 24 18:54:54 IST 2020:DEBUG:Attempt 1 to execute request
Fri Jul 24 18:54:54 IST 2020:DEBUG:Sending request: POST /soap/default?services=customerCustomerRepositoryV1 HTTP/1.1
Fri Jul 24 18:54:57 IST 2020:DEBUG:Receiving response: HTTP/1.1 200 OK
Fri Jul 24 18:54:57 IST 2020:DEBUG:Connection can be kept alive indefinitely
Fri Jul 24 18:55:00 IST 2020:DEBUG:Stale connection check
Fri Jul 24 18:55:00 IST 2020:DEBUG:Attempt 1 to execute request
Fri Jul 24 18:55:00 IST 2020:DEBUG:Sending request: POST /soap/default?services=customerCustomerRepositoryV1 HTTP/1.1
Fri Jul 24 18:55:01 IST 2020:DEBUG:Receiving response: HTTP/1.1 200 OK
Fri Jul 24 18:55:01 IST 2020:DEBUG:Connection can be kept alive indefinitely
Fri Jul 24 18:55:01 IST 2020:DEBUG:Stale connection check
Fri Jul 24 18:55:01 IST 2020:DEBUG:Attempt 1 to execute request
Fri Jul 24 18:55:01 IST 2020:DEBUG:Sending request: POST /soap/default?services=customerCustomerRepositoryV1 HTTP/1.1
Fri Jul 24 18:55:02 IST 2020:DEBUG:Receiving response: HTTP/1.1 200 OK
Fri Jul 24 18:55:02 IST 2020:DEBUG:Connection can be kept alive indefinitely
Fri Jul 24 18:55:34 IST 2020:DEBUG:Connection 0.0.0.0:64315<->31.220.104.212:80 closed
Fri Jul 24 23:10:07 IST 2020:ERROR:An error occurred [Unknown database 'sdet'], see error log for details
Fri Jul 24 23:10:27 IST 2020:ERROR:An error occurred [java.lang.NullPointerException], see error log for details
Fri Jul 24 23:11:08 IST 2020:ERROR:An error occurred [Unknown database 'sdet'], see error log for details
Fri Jul 24 23:11:08 IST 2020:INFO:Error getting response for [JDBC Request]; com.mysql.jdbc.exceptions.jdbc4.MySQLSyntaxErrorException: Unknown database 'sdet'
Fri Jul 24 23:13:31 IST 2020:DEBUG:Attempt 1 to execute request
Fri Jul 24 23:13:31 IST 2020:DEBUG:Sending request: POST /soap/default?services=customerCustomerRepositoryV1 HTTP/1.1
Fri Jul 24 23:13:34 IST 2020:DEBUG:Receiving response: HTTP/1.1 200 OK
Fri Jul 24 23:13:34 IST 2020:DEBUG:Connection can be kept alive indefinitely
Fri Jul 24 23:14:05 IST 2020:INFO:Got response for [customerCustomerRepositoryV1Binding.customerCustomerRepositoryV1GetList:GetList] in 33835ms (1046378 bytes)
Fri Jul 24 23:14:16 IST 2020:DEBUG:Stale connection check
Fri Jul 24 23:14:16 IST 2020:DEBUG:Stale connection detected
Fri Jul 24 23:14:16 IST 2020:DEBUG:Connection 0.0.0.0:61806<->31.220.104.212:80 closed
Fri Jul 24 23:14:16 IST 2020:DEBUG:Attempt 1 to execute request
Fri Jul 24 23:14:16 IST 2020:DEBUG:Sending request: POST /soap/default?services=customerCustomerRepositoryV1 HTTP/1.1
Fri Jul 24 23:14:17 IST 2020:DEBUG:Receiving response: HTTP/1.1 200 OK
Fri Jul 24 23:14:17 IST 2020:DEBUG:Connection can be kept alive indefinitely
Fri Jul 24 23:14:17 IST 2020:INFO:Got response for [customerCustomerRepositoryV1Binding.customerCustomerRepositoryV1GetById:GetByid] in 1119ms (821 bytes)
Fri Jul 24 23:14:29 IST 2020:DEBUG:Stale connection check
Fri Jul 24 23:14:29 IST 2020:DEBUG:Stale connection detected
Fri Jul 24 23:14:29 IST 2020:DEBUG:Connection 0.0.0.0:61810<->31.220.104.212:80 closed
Fri Jul 24 23:14:29 IST 2020:DEBUG:Attempt 1 to execute request
Fri Jul 24 23:14:29 IST 2020:DEBUG:Sending request: POST /soap/default?services=customerCustomerRepositoryV1 HTTP/1.1
Fri Jul 24 23:14:30 IST 2020:DEBUG:Receiving response: HTTP/1.1 200 OK
Fri Jul 24 23:14:30 IST 2020:DEBUG:Connection can be kept alive indefinitely
Fri Jul 24 23:14:30 IST 2020:INFO:Got response for [customerCustomerRepositoryV1Binding.customerCustomerRepositoryV1DeleteById:DeletByid] in 955ms (821 bytes)
Fri Jul 24 23:14:52 IST 2020:ERROR:An error occurred [error: Premature end of file.], see error log for details
Fri Jul 24 23:14:52 IST 2020:ERROR:An error occurred [error: Premature end of file.], see error log for details
Fri Jul 24 23:14:52 IST 2020:ERROR:An error occurred [error: Premature end of file.], see error log for details
Fri Jul 24 23:14:52 IST 2020:DEBUG:Stale connection check
Fri Jul 24 23:14:52 IST 2020:DEBUG:Stale connection detected
Fri Jul 24 23:14:52 IST 2020:DEBUG:Connection 0.0.0.0:61816<->31.220.104.212:80 closed
Fri Jul 24 23:14:53 IST 2020:DEBUG:Attempt 1 to execute request
Fri Jul 24 23:14:53 IST 2020:DEBUG:Sending request: POST /soap/default?services=customerCustomerRepositoryV1 HTTP/1.1
Fri Jul 24 23:14:53 IST 2020:DEBUG:Receiving response: HTTP/1.1 200 OK
Fri Jul 24 23:14:53 IST 2020:DEBUG:Connection can be kept alive indefinitely
Fri Jul 24 23:14:53 IST 2020:DEBUG:Loading Definition...
Fri Jul 24 23:14:53 IST 2020:DEBUG:Loading WSDL: file:\C:\Users\ImranPeenaMajidsab\Desktop\FUll_SDET\API_project\SOAP%20API%20WSDL%20EndPoints\SOAP%20API%20WSDL%20EndPoints\customerCustomerRepositoryV1.xml
Fri Jul 24 23:14:53 IST 2020:DEBUG:Returning baseInputSource [file:\C:\Users\ImranPeenaMajidsab\Desktop\FUll_SDET\API_project\SOAP%20API%20WSDL%20EndPoints\SOAP%20API%20WSDL%20EndPoints\customerCustomerRepositoryV1.xml]
Fri Jul 24 23:14:54 IST 2020:INFO:Added default schema from file:/C:/Program%20Files/SmartBear/SoapUI-5.6.0/bin/soapui-5.6.0.jar!/com/eviware/soapui/resources/xsds/xop.xsd with targetNamespace http://www.w3.org/2004/08/xop/include
Fri Jul 24 23:14:54 IST 2020:INFO:Added default schema from file:/C:/Program%20Files/SmartBear/SoapUI-5.6.0/bin/soapui-5.6.0.jar!/com/eviware/soapui/resources/xsds/XMLSchema.xsd with targetNamespace http://www.w3.org/2001/XMLSchema
Fri Jul 24 23:14:54 IST 2020:INFO:Added default schema from file:/C:/Program%20Files/SmartBear/SoapUI-5.6.0/bin/soapui-5.6.0.jar!/com/eviware/soapui/resources/xsds/xml.xsd with targetNamespace http://www.w3.org/XML/1998/namespace
Fri Jul 24 23:14:54 IST 2020:INFO:Added default schema from file:/C:/Program%20Files/SmartBear/SoapUI-5.6.0/bin/soapui-5.6.0.jar!/com/eviware/soapui/resources/xsds/swaref.xsd with targetNamespace http://ws-i.org/profiles/basic/1.1/xsd
Fri Jul 24 23:14:54 IST 2020:INFO:Added default schema from file:/C:/Program%20Files/SmartBear/SoapUI-5.6.0/bin/soapui-5.6.0.jar!/com/eviware/soapui/resources/xsds/xmime200505.xsd with targetNamespace http://www.w3.org/2005/05/xmlmime
Fri Jul 24 23:14:54 IST 2020:INFO:Added default schema from file:/C:/Program%20Files/SmartBear/SoapUI-5.6.0/bin/soapui-5.6.0.jar!/com/eviware/soapui/resources/xsds/xmime200411.xsd with targetNamespace http://www.w3.org/2004/11/xmlmime
Fri Jul 24 23:14:54 IST 2020:INFO:Added default schema from file:/C:/Program%20Files/SmartBear/SoapUI-5.6.0/bin/soapui-5.6.0.jar!/com/eviware/soapui/resources/xsds/soapEnvelope.xsd with targetNamespace http://schemas.xmlsoap.org/soap/envelope/
Fri Jul 24 23:14:54 IST 2020:INFO:Added default schema from file:/C:/Program%20Files/SmartBear/SoapUI-5.6.0/bin/soapui-5.6.0.jar!/com/eviware/soapui/resources/xsds/soapEncoding.xsd with targetNamespace http://schemas.xmlsoap.org/soap/encoding/
Fri Jul 24 23:14:54 IST 2020:INFO:Added default schema from file:/C:/Program%20Files/SmartBear/SoapUI-5.6.0/bin/soapui-5.6.0.jar!/com/eviware/soapui/resources/xsds/soapEnvelope12.xsd with targetNamespace http://www.w3.org/2003/05/soap-envelope
Fri Jul 24 23:14:54 IST 2020:INFO:Added default schema from file:/C:/Program%20Files/SmartBear/SoapUI-5.6.0/bin/soapui-5.6.0.jar!/com/eviware/soapui/resources/xsds/soapEncoding12.xsd with targetNamespace http://www.w3.org/2003/05/soap-encoding
Fri Jul 24 23:14:54 IST 2020:INFO:Loading schema types from [file:\C:\Users\ImranPeenaMajidsab\Desktop\FUll_SDET\API_project\SOAP%20API%20WSDL%20EndPoints\SOAP%20API%20WSDL%20EndPoints\customerCustomerRepositoryV1.xml]
Fri Jul 24 23:14:54 IST 2020:INFO:Getting schema file:\C:\Users\ImranPeenaMajidsab\Desktop\FUll_SDET\API_project\SOAP%20API%20WSDL%20EndPoints\SOAP%20API%20WSDL%20EndPoints\customerCustomerRepositoryV1.xml
Fri Jul 24 23:14:54 IST 2020:WARN:Error: jar:file:/C:/Program%20Files/SmartBear/SoapUI-5.6.0/bin/soapui-5.6.0.jar!/com/eviware/soapui/resources/xsds/soapEncoding12.xsd:0: warning: id-idref-idrefs-entity-entities-notation: For compatibility, type 'ID' should only be used for attributes (used for element 'ID@http://www.w3.org/2003/05/soap-encoding').
Fri Jul 24 23:14:54 IST 2020:WARN:Error: jar:file:/C:/Program%20Files/SmartBear/SoapUI-5.6.0/bin/soapui-5.6.0.jar!/com/eviware/soapui/resources/xsds/soapEncoding12.xsd:0: warning: id-idref-idrefs-entity-entities-notation: For compatibility, type 'IDREF' should only be used for attributes (used for element 'IDREF@http://www.w3.org/2003/05/soap-encoding').
Fri Jul 24 23:14:54 IST 2020:WARN:Error: jar:file:/C:/Program%20Files/SmartBear/SoapUI-5.6.0/bin/soapui-5.6.0.jar!/com/eviware/soapui/resources/xsds/soapEncoding12.xsd:0: warning: id-idref-idrefs-entity-entities-notation: For compatibility, type 'ENTITY' should only be used for attributes (used for element 'ENTITY@http://www.w3.org/2003/05/soap-encoding').
Fri Jul 24 23:14:54 IST 2020:WARN:Error: jar:file:/C:/Program%20Files/SmartBear/SoapUI-5.6.0/bin/soapui-5.6.0.jar!/com/eviware/soapui/resources/xsds/soapEncoding12.xsd:0: warning: id-idref-idrefs-entity-entities-notation: For compatibility, type 'IDREFS' should only be used for attributes (used for element 'IDREFS@http://www.w3.org/2003/05/soap-encoding').
Fri Jul 24 23:14:54 IST 2020:WARN:Error: jar:file:/C:/Program%20Files/SmartBear/SoapUI-5.6.0/bin/soapui-5.6.0.jar!/com/eviware/soapui/resources/xsds/soapEncoding12.xsd:0: warning: id-idref-idrefs-entity-entities-notation: For compatibility, type 'ENTITIES' should only be used for attributes (used for element 'ENTITIES@http://www.w3.org/2003/05/soap-encoding').
Fri Jul 24 23:14:54 IST 2020:WARN:Error: jar:file:/C:/Program%20Files/SmartBear/SoapUI-5.6.0/bin/soapui-5.6.0.jar!/com/eviware/soapui/resources/xsds/soapEncoding.xsd:0: warning: id-idref-idrefs-entity-entities-notation: For compatibility, type 'ID' should only be used for attributes (used for element 'ID@http://schemas.xmlsoap.org/soap/encoding/').
Fri Jul 24 23:14:54 IST 2020:WARN:Error: jar:file:/C:/Program%20Files/SmartBear/SoapUI-5.6.0/bin/soapui-5.6.0.jar!/com/eviware/soapui/resources/xsds/soapEncoding.xsd:0: warning: id-idref-idrefs-entity-entities-notation: For compatibility, type 'IDREF' should only be used for attributes (used for element 'IDREF@http://schemas.xmlsoap.org/soap/encoding/').
Fri Jul 24 23:14:54 IST 2020:WARN:Error: jar:file:/C:/Program%20Files/SmartBear/SoapUI-5.6.0/bin/soapui-5.6.0.jar!/com/eviware/soapui/resources/xsds/soapEncoding.xsd:0: warning: id-idref-idrefs-entity-entities-notation: For compatibility, type 'ENTITY' should only be used for attributes (used for element 'ENTITY@http://schemas.xmlsoap.org/soap/encoding/').
Fri Jul 24 23:14:54 IST 2020:WARN:Error: jar:file:/C:/Program%20Files/SmartBear/SoapUI-5.6.0/bin/soapui-5.6.0.jar!/com/eviware/soapui/resources/xsds/soapEncoding.xsd:0: warning: id-idref-idrefs-entity-entities-notation: For compatibility, type 'IDREFS' should only be used for attributes (used for element 'IDREFS@http://schemas.xmlsoap.org/soap/encoding/').
Fri Jul 24 23:14:54 IST 2020:WARN:Error: jar:file:/C:/Program%20Files/SmartBear/SoapUI-5.6.0/bin/soapui-5.6.0.jar!/com/eviware/soapui/resources/xsds/soapEncoding.xsd:0: warning: id-idref-idrefs-entity-entities-notation: For compatibility, type 'ENTITIES' should only be used for attributes (used for element 'ENTITIES@http://schemas.xmlsoap.org/soap/encoding/').
Fri Jul 24 23:14:54 IST 2020:DEBUG:Loaded Definition: ok
Fri Jul 24 23:14:54 IST 2020:WARN:Missing matching Fault in wsdl for bindingOperation [customerCustomerRepositoryV1Save]
Fri Jul 24 23:14:54 IST 2020:INFO:Got response for [customerCustomerRepositoryV1Binding.customerCustomerRepositoryV1Save:Call Save Customer Request] in 999ms (429 bytes)
Fri Jul 24 23:15:26 IST 2020:DEBUG:Connection 0.0.0.0:61820<->31.220.104.212:80 closed
Sat Jul 25 19:35:59 IST 2020:ERROR:An error occurred [Table 'sdet1.customersdet' doesn't exist], see error log for details
Sat Jul 25 19:35:59 IST 2020:INFO:Error getting response for [JDBC Request]; com.mysql.jdbc.exceptions.jdbc4.MySQLSyntaxErrorException: Table 'sdet1.customersdet' doesn't exist
Sat Jul 25 19:36:10 IST 2020:INFO:Saved project [Web Method XMLSD] to [C:\Users\RahilAkram\Desktop\CR FEB\xmls\December Projects\april 2019\Web_Method_XMLSD_soapui_project_ST_.xml - 620416 bytes
Sat Jul 25 19:36:10 IST 2020:INFO:Saved project [Web Method XMLSD] to [C:\Users\RahilAkram\Desktop\CR FEB\xmls\December Projects\april 2019\Web-Method-XMLSD-soapui-project.xml - 735248 bytes
Sat Jul 25 19:36:10 IST 2020:INFO:Saved project [XMLEC_Dev] to [C:\Users\RahilAkram\Desktop\CR FEB\xmls\December Projects\april 2019\XMLEC_Dev_soapui_project.xml - 337792 bytes
Sat Jul 25 19:36:10 IST 2020:INFO:Saved project [WebMethods_Upgrade_XMLGW] to [C:\Users\RahilAkram\Desktop\CR FEB\xmls\December Projects\WM Upgrade Dev Testing XMLGW\WebMethods-Upgrade-XMLGW-XMLSA-DEV-soapui-project.xml - 625556 bytes
Sat Jul 25 19:36:10 IST 2020:INFO:Saved project [Maintenance EM DTD Sync] to [C:\Users\RahilAkram\Desktop\rahil\Desktop\rahil\dump\XG-EM\Maintenance EM DTD Sync-soapui-project.xml - 745430 bytes
Sat Jul 25 19:36:10 IST 2020:INFO:Saved project [Project 1] to [C:\Users\RahilAkram\Desktop\Project-1-soapui-project.xml - 27530 bytes
Sat Jul 25 19:36:10 IST 2020:INFO:Saved project [API_Testing_2020] to [C:\Users\RahilAkram\Documents\API-Testing-2020-soapui-project.xml - 91650 bytes
Sat Jul 25 19:36:10 IST 2020:INFO:Saved project [Project 2] to [C:\Users\RahilAkram\Documents\Project-2-soapui-project.xml - 4337 bytes
Sat Jul 25 19:36:10 IST 2020:INFO:Saved project [REST] to [C:\Users\RahilAkram\Documents\REST-soapui-project.xml - 7450 bytes
Sat Jul 25 19:36:10 IST 2020:INFO:Saved project [API_Testing_Project_submission] to [C:\Users\RahilAkram\Documents\API-Testing-Project-soapui-project.xml - 113562 bytes
Sat Jul 25 19:36:11 IST 2020:INFO:Saved project [Webservice_Testing_Project_submit] to [C:\Users\RahilAkram\Documents\Webservice-Testing-Project-soapui-project.xml - 109374 bytes
Sat Jul 25 19:36:11 IST 2020:INFO:Saved workspace to [C:\Users\RahilAkram\default-soapui-workspace.xml]
Sat Jul 25 19:36:11 IST 2020:ERROR:An error occurred [Table 'sdet1.customersdet' doesn't exist], see error log for details
Sat Jul 25 19:36:12 IST 2020:INFO:Error getting response for [JDBC Request]; com.mysql.jdbc.exceptions.jdbc4.MySQLSyntaxErrorException: Table 'sdet1.customersdet' doesn't exist
Sat Jul 25 19:39:13 IST 2020:ERROR:An error occurred [error: Premature end of file.], see error log for details
Sat Jul 25 19:39:13 IST 2020:ERROR:An error occurred [error: Premature end of file.], see error log for details
Sat Jul 25 19:39:13 IST 2020:ERROR:An error occurred [error: Premature end of file.], see error log for details
Sat Jul 25 19:39:14 IST 2020:DEBUG:Attempt 1 to execute request
Sat Jul 25 19:39:14 IST 2020:DEBUG:Sending request: POST /soap/default?services=customerCustomerRepositoryV1 HTTP/1.1
Sat Jul 25 19:39:15 IST 2020:DEBUG:Receiving response: HTTP/1.1 200 OK
Sat Jul 25 19:39:15 IST 2020:DEBUG:Connection can be kept alive indefinitely
Sat Jul 25 19:39:15 IST 2020:WARN:Missing matching Fault in wsdl for bindingOperation [customerCustomerRepositoryV1Save]
Sat Jul 25 19:39:15 IST 2020:INFO:Got response for [customerCustomerRepositoryV1Binding.customerCustomerRepositoryV1Save:Call Save Customer Request] in 1268ms (429 bytes)
Sat Jul 25 19:39:48 IST 2020:DEBUG:Connection 0.0.0.0:59209<->31.220.104.212:80 closed
Sat Jul 25 19:42:02 IST 2020:INFO:select * from Login;
Sat Jul 25 19:42:02 IST 2020:INFO:Got response for [JDBC Request] in 1ms (366 bytes)
Sat Jul 25 22:32:38 IST 2020:DEBUG:Attempt 1 to execute request
Sat Jul 25 22:32:38 IST 2020:DEBUG:Sending request: POST /soap/default?services=customerCustomerRepositoryV1 HTTP/1.1
Sat Jul 25 22:32:41 IST 2020:DEBUG:Receiving response: HTTP/1.1 200 OK
Sat Jul 25 22:32:41 IST 2020:DEBUG:Connection can be kept alive indefinitely
Sat Jul 25 22:32:41 IST 2020:WARN:Missing matching Fault in wsdl for bindingOperation [customerCustomerRepositoryV1Save]
Sat Jul 25 22:32:41 IST 2020:INFO:Got response for [customerCustomerRepositoryV1Binding.customerCustomerRepositoryV1Save:Call Save Customer Request] in 2386ms (429 bytes)
Sat Jul 25 22:33:15 IST 2020:DEBUG:Connection 0.0.0.0:59736<->31.220.104.212:80 closed
Sat Jul 25 22:33:54 IST 2020:INFO:select * from Login;
Sat Jul 25 22:33:54 IST 2020:INFO:Got response for [JDBC Request] in 1ms (366 bytes)
Sat Jul 25 22:34:39 IST 2020:DEBUG:Attempt 1 to execute request
Sat Jul 25 22:34:39 IST 2020:DEBUG:Sending request: POST /soap/default?services=customerCustomerRepositoryV1 HTTP/1.1
Sat Jul 25 22:34:40 IST 2020:DEBUG:Receiving response: HTTP/1.1 200 OK
Sat Jul 25 22:34:40 IST 2020:DEBUG:Connection can be kept alive indefinitely
Sat Jul 25 22:34:40 IST 2020:WARN:Missing matching Fault in wsdl for bindingOperation [customerCustomerRepositoryV1Save]
Sat Jul 25 22:34:40 IST 2020:INFO:Got response for [customerCustomerRepositoryV1Binding.customerCustomerRepositoryV1Save:Call Save Customer Request] in 1135ms (429 bytes)
Sat Jul 25 22:35:10 IST 2020:DEBUG:Connection 0.0.0.0:59754<->31.220.104.212:80 closed
Sat Jul 25 22:36:25 IST 2020:DEBUG:Attempt 1 to execute request
Sat Jul 25 22:36:25 IST 2020:DEBUG:Sending request: POST /soap/default?services=customerCustomerRepositoryV1 HTTP/1.1
Sat Jul 25 22:36:26 IST 2020:DEBUG:Receiving response: HTTP/1.1 200 OK
Sat Jul 25 22:36:26 IST 2020:DEBUG:Connection can be kept alive indefinitely
Sat Jul 25 22:36:26 IST 2020:WARN:Missing matching Fault in wsdl for bindingOperation [customerCustomerRepositoryV1Save]
Sat Jul 25 22:36:26 IST 2020:INFO:Got response for [customerCustomerRepositoryV1Binding.customerCustomerRepositoryV1Save:Call Save Customer Request] in 1013ms (429 bytes)
Sat Jul 25 22:37:00 IST 2020:DEBUG:Connection 0.0.0.0:59761<->31.220.104.212:80 closed
Sat Jul 25 23:06:28 IST 2020:DEBUG:Attempt 1 to execute request
Sat Jul 25 23:06:28 IST 2020:DEBUG:Sending request: POST /soap/default?services=customerCustomerRepositoryV1 HTTP/1.1
Sat Jul 25 23:06:29 IST 2020:DEBUG:Receiving response: HTTP/1.1 200 OK
Sat Jul 25 23:06:29 IST 2020:DEBUG:Connection can be kept alive indefinitely
Sat Jul 25 23:06:29 IST 2020:INFO:Got response for [customerCustomerRepositoryV1Binding.customerCustomerRepositoryV1DeleteById:DeletByid] in 2313ms (734 bytes)
Sat Jul 25 23:07:01 IST 2020:DEBUG:Connection 0.0.0.0:59991<->31.220.104.212:80 closed
Sun Jul 26 00:28:19 IST 2020:INFO:Saved project [Webservice_Testing_Project_submit] to [C:\Users\RahilAkram\Documents\Webservice-Testing-Project-soapui-project.xml - 109350 bytes
Sun Jul 26 00:34:02 IST 2020:INFO:Saved project [Webservice_Testing_Project_submit] to [C:\Users\RAHILA~1\AppData\Local\Temp\1595703842720-0\Webservice_Testing_Project_submit-soapui-project.xml - 109350 bytes
Sun Jul 26 00:34:03 IST 2020:INFO:Loaded project from [file:/C:/Users/RAHILA~1/AppData/Local/Temp/1595703842720-0/Webservice_Testing_Project_submit-soapui-project.xml]
Sun Jul 26 00:34:03 IST 2020:WARN:Do not exists on local file system [file:\C:\Users\ImranPeenaMajidsab\Desktop\FUll_SDET\API_project\SOAP%20API%20WSDL%20EndPoints\SOAP%20API%20WSDL%20EndPoints\customerCustomerRepositoryV1.xml]
Sun Jul 26 00:34:03 IST 2020:INFO:Saved project [Webservice_Testing_Project_submit] to [C:\Users\RAHILA~1\AppData\Local\Temp\1595703842720-0\Webservice_Testing_Project_submit-soapui-project.xml - 109363 bytes
